2025-07-10 16:35:35 - MovieRecommender - INFO - info:153 - 日志系统初始化完成 - 目录: logs, 级别: INFO
2025-07-10 16:35:35 - MovieRecommender - INFO - info:153 - 开始加载数据文件
2025-07-10 16:35:35 - MovieRecommender - INFO - info:153 - 加载评分数据: data/ratings.csv
2025-07-10 16:35:35 - MovieRecommender - INFO - info:153 - 生成时间相关特征
2025-07-10 16:35:35 - MovieRecommender - INFO - info:153 - 加载电影数据: data/movies.csv
2025-07-10 16:35:35 - MovieRecommender - INFO - info:153 - 加载标签数据: data/tags.csv
2025-07-10 16:35:35 - MovieRecommender - INFO - info:153 - 开始数据预处理和异常值检测
2025-07-10 16:35:35 - MovieRecommender - INFO - info:153 - 开始检测评分数据异常值
2025-07-10 16:35:35 - MovieRecommender - INFO - info:153 - 执行基本数据质量检查
2025-07-10 16:35:35 - MovieRecommender - INFO - info:153 - 检测评分范围异常
2025-07-10 16:35:35 - MovieRecommender - INFO - info:153 - 检测用户行为异常
2025-07-10 16:35:36 - MovieRecommender - WARNING - warning:168 - 发现 15 个异常行为用户
2025-07-10 16:35:36 - MovieRecommender - INFO - info:153 - 检测时间序列异常
2025-07-10 16:35:36 - MovieRecommender - WARNING - warning:168 - 发现 597 个时间行为异常用户
2025-07-10 16:35:36 - MovieRecommender - INFO - info:153 - 执行多维异常检测
2025-07-10 16:35:36 - MovieRecommender - WARNING - warning:168 - 发现 61 个多维异常用户
2025-07-10 16:35:36 - MovieRecommender - INFO - info:153 - 异常值检测完成:
2025-07-10 16:35:36 - MovieRecommender - INFO - info:153 - 总记录数: 100836
2025-07-10 16:35:36 - MovieRecommender - INFO - info:153 - 总异常值: 99928 (99.10%)
2025-07-10 16:35:36 - MovieRecommender - INFO - info:153 - is_basic_outlier: 0 (0.0%)
2025-07-10 16:35:36 - MovieRecommender - INFO - info:153 - is_range_outlier: 0 (0.0%)
2025-07-10 16:35:36 - MovieRecommender - INFO - info:153 - is_behavior_outlier: 20489 (20.32%)
2025-07-10 16:35:36 - MovieRecommender - INFO - info:153 - is_temporal_outlier: 96070 (95.27%)
2025-07-10 16:35:36 - MovieRecommender - INFO - info:153 - is_multivariate_outlier: 40258 (39.92%)
2025-07-10 16:35:36 - MovieRecommender - INFO - info:153 - 使用策略 'flag' 处理异常值
2025-07-10 16:35:36 - MovieRecommender - INFO - info:153 - 数据预处理完成
2025-07-10 16:35:36 - MovieRecommender - INFO - info:153 - 数据加载完成:
2025-07-10 16:35:36 - MovieRecommender - INFO - info:153 -   评分记录数: 100,836
2025-07-10 16:35:36 - MovieRecommender - INFO - info:153 -   电影数量: 9,742
2025-07-10 16:35:36 - MovieRecommender - INFO - info:153 -   标签记录数: 3,683
2025-07-10 16:35:36 - MovieRecommender - INFO - info:153 -   用户数量: 610
2025-07-10 16:35:36 - MovieRecommender - INFO - info:153 -   评分范围: 0.5 - 5.0
2025-07-10 16:35:36 - MovieRecommender - INFO - info:153 -   时间范围: 1996-03-29 18:36:55 - 2018-09-24 14:27:30
2025-07-10 16:35:36 - MovieRecommender - INFO - info:153 - 开始创建协同过滤特征，隐因子维度: 20
2025-07-10 16:35:36 - MovieRecommender - INFO - info:153 - 构建用户-物品评分矩阵
2025-07-10 16:35:36 - MovieRecommender - INFO - info:153 - 评分矩阵: 610用户 x 9724物品, 100836评分
2025-07-10 16:35:36 - MovieRecommender - INFO - info:153 - 执行SVD分解
2025-07-10 16:35:36 - MovieRecommender - INFO - info:153 - SVD分解完成
2025-07-10 16:35:36 - MovieRecommender - INFO - info:153 - 协同过滤特征创建完成:
2025-07-10 16:35:36 - MovieRecommender - INFO - info:153 -   用户隐因子: (610, 21)
2025-07-10 16:35:36 - MovieRecommender - INFO - info:153 -   物品隐因子: (9724, 21)
2025-07-10 16:35:36 - MovieRecommender - INFO - info:153 -   用户偏置: (610, 2)
2025-07-10 16:35:36 - MovieRecommender - INFO - info:153 -   物品偏置: (9724, 2)
