2025-07-11 02:43:57 - MovieRecommender - INFO - info:170 - 日志系统初始化完成 - 目录: logs, 级别: INFO
2025-07-11 02:43:57 - MovieRecommender - INFO - info:170 - 成功设置中文字体: PingFang HK
2025-07-11 02:43:57 - MovieRecommender - WARNING - warning:174 - 项目字体加载失败: Can not load face (unknown file format; error code 0x2)
2025-07-11 02:43:57 - MovieRecommender - INFO - info:170 - 成功设置中文字体: PingFang HK
2025-07-11 02:43:57 - MovieRecommender - WARNING - warning:174 - 项目字体加载失败: Can not load face (unknown file format; error code 0x2)
2025-07-11 02:43:57 - MovieRecommender - INFO - info:170 - 成功设置中文字体: PingFang HK
2025-07-11 02:43:57 - MovieRecommender - WARNING - warning:174 - 项目字体加载失败: Can not load face (unknown file format; error code 0x2)
2025-07-11 02:43:57 - MovieRecommender - INFO - info:170 - 开始电影推荐系统训练
2025-07-11 02:43:57 - MovieRecommender - INFO - info:170 - 输出目录: output
2025-07-11 02:43:57 - MovieRecommender - INFO - info:170 - 随机种子: 42
2025-07-11 02:43:57 - MovieRecommender - INFO - info:170 - 数据加载和预处理
2025-07-11 02:43:57 - MovieRecommender - INFO - info:170 - 数据文件路径:
2025-07-11 02:43:57 - MovieRecommender - INFO - info:170 -   - 评分数据: data/ratings.csv
2025-07-11 02:43:57 - MovieRecommender - INFO - info:170 -   - 电影数据: data/movies.csv
2025-07-11 02:43:57 - MovieRecommender - INFO - info:170 -   - 标签数据: data/tags.csv
2025-07-11 02:43:57 - MovieRecommender - INFO - info:170 - 开始加载数据文件
2025-07-11 02:43:57 - MovieRecommender - INFO - info:170 - 加载评分数据: data/ratings.csv
2025-07-11 02:43:57 - MovieRecommender - INFO - info:170 - 生成时间相关特征
2025-07-11 02:43:57 - MovieRecommender - INFO - info:170 - 加载电影数据: data/movies.csv
2025-07-11 02:43:57 - MovieRecommender - INFO - info:170 - 加载标签数据: data/tags.csv
2025-07-11 02:43:57 - MovieRecommender - INFO - info:170 - 开始数据预处理和异常值检测
2025-07-11 02:43:57 - MovieRecommender - INFO - info:170 - 开始检测评分数据异常值
2025-07-11 02:43:57 - MovieRecommender - INFO - info:170 - 执行基本数据质量检查
2025-07-11 02:43:57 - MovieRecommender - INFO - info:170 - 检测评分范围异常
2025-07-11 02:43:57 - MovieRecommender - INFO - info:170 - 检测用户行为异常
2025-07-11 02:43:57 - MovieRecommender - WARNING - warning:174 - 发现 4 个异常行为用户
2025-07-11 02:43:57 - MovieRecommender - INFO - info:170 - 时间序列异常检测已禁用，设置所有记录为非异常
2025-07-11 02:43:57 - MovieRecommender - INFO - info:170 - 完成时间异常检测
2025-07-11 02:43:57 - MovieRecommender - INFO - info:170 - 执行多维异常检测
2025-07-11 02:43:58 - MovieRecommender - WARNING - warning:174 - 发现 7 个多维异常用户（从 134 个活跃用户中检测）
2025-07-11 02:43:58 - MovieRecommender - INFO - info:170 - 异常值检测完成:
2025-07-11 02:43:58 - MovieRecommender - INFO - info:170 - 总记录数: 100836
2025-07-11 02:43:58 - MovieRecommender - INFO - info:170 - 总异常值: 11223 (11.13%)
2025-07-11 02:43:58 - MovieRecommender - INFO - info:170 - is_basic_outlier: 0 (0.0%)
2025-07-11 02:43:58 - MovieRecommender - INFO - info:170 - is_range_outlier: 0 (0.0%)
2025-07-11 02:43:58 - MovieRecommender - INFO - info:170 - is_behavior_outlier: 9148 (9.07%)
2025-07-11 02:43:58 - MovieRecommender - INFO - info:170 - is_temporal_outlier: 0 (0.0%)
2025-07-11 02:43:58 - MovieRecommender - INFO - info:170 - is_multivariate_outlier: 11223 (11.13%)
2025-07-11 02:43:58 - MovieRecommender - INFO - info:170 - 使用策略 'flag' 处理异常值
2025-07-11 02:43:58 - MovieRecommender - INFO - info:170 - 数据预处理完成
2025-07-11 02:43:58 - MovieRecommender - INFO - info:170 - 数据加载完成:
2025-07-11 02:43:58 - MovieRecommender - INFO - info:170 -   评分记录数: 100,836
2025-07-11 02:43:58 - MovieRecommender - INFO - info:170 -   电影数量: 9,742
2025-07-11 02:43:58 - MovieRecommender - INFO - info:170 -   标签记录数: 3,683
2025-07-11 02:43:58 - MovieRecommender - INFO - info:170 -   用户数量: 610
2025-07-11 02:43:58 - MovieRecommender - INFO - info:170 -   评分范围: 0.5 - 5.0
2025-07-11 02:43:58 - MovieRecommender - INFO - info:170 -   时间范围: 1996-03-29 18:36:55 - 2018-09-24 14:27:30
2025-07-11 02:43:58 - MovieRecommender - INFO - info:170 - 数据质量评分: 0
2025-07-11 02:43:58 - MovieRecommender - INFO - info:170 - 异常值数量: 0
2025-07-11 02:43:58 - MovieRecommender - INFO - info:170 - 异常值比例: 0
2025-07-11 02:43:58 - MovieRecommender - INFO - info:170 - 特征工程
2025-07-11 02:43:58 - MovieRecommender - INFO - info:170 - 开始构建多维度特征体系...
2025-07-11 02:43:58 - MovieRecommender - INFO - info:170 - 3.1 生成协同过滤特征（SVD分解）
2025-07-11 02:43:58 - MovieRecommender - INFO - info:170 - 开始创建协同过滤特征，隐因子维度: 20
2025-07-11 02:43:58 - MovieRecommender - INFO - info:170 - 构建用户-物品评分矩阵
2025-07-11 02:43:58 - MovieRecommender - INFO - info:170 - 评分矩阵: 610用户 x 9724物品, 100836评分
2025-07-11 02:43:58 - MovieRecommender - INFO - info:170 - 执行SVD分解
2025-07-11 02:43:58 - MovieRecommender - INFO - info:170 - SVD分解完成
2025-07-11 02:43:58 - MovieRecommender - INFO - info:170 - 协同过滤特征创建完成:
2025-07-11 02:43:58 - MovieRecommender - INFO - info:170 -   用户隐因子: (610, 21)
2025-07-11 02:43:58 - MovieRecommender - INFO - info:170 -   物品隐因子: (9724, 21)
2025-07-11 02:43:58 - MovieRecommender - INFO - info:170 -   用户偏置: (610, 2)
2025-07-11 02:43:58 - MovieRecommender - INFO - info:170 -   物品偏置: (9724, 2)
2025-07-11 02:43:58 - MovieRecommender - INFO - info:170 - 3.2 生成内容特征（年份+类型）
2025-07-11 02:43:58 - MovieRecommender - INFO - info:170 - 开始创建电影内容特征
2025-07-11 02:43:58 - MovieRecommender - INFO - info:170 - 提取电影发行年份...
2025-07-11 02:43:58 - MovieRecommender - WARNING - warning:174 - 有13部电影缺少年份信息，将使用均值填充
2025-07-11 02:43:58 - MovieRecommender - INFO - info:170 - 标准化年份特征...
2025-07-11 02:43:58 - MovieRecommender - INFO - info:170 - 处理电影类型特征...
2025-07-11 02:43:58 - MovieRecommender - INFO - info:170 - 识别到20种电影类型: ['(no genres listed)', 'Action', 'Adventure', 'Animation', 'Children', 'Comedy', 'Crime', 'Documentary', 'Drama', 'Fantasy', 'Film-Noir', 'Horror', 'IMAX', 'Musical', 'Mystery', 'Romance', 'Sci-Fi', 'Thriller', 'War', 'Western']
2025-07-11 02:43:58 - MovieRecommender - INFO - info:170 - 合并内容特征...
2025-07-11 02:43:58 - MovieRecommender - INFO - info:170 - 内容特征创建完成:
2025-07-11 02:43:58 - MovieRecommender - INFO - info:170 -   特征维度: (9742, 22)
2025-07-11 02:43:58 - MovieRecommender - INFO - info:170 -   年份范围: -5.00 - 1.26 (标准化后)
2025-07-11 02:43:58 - MovieRecommender - INFO - info:170 -   类型数量: 20
2025-07-11 02:43:58 - MovieRecommender - INFO - info:170 - 3.3 生成文本特征（TF-IDF标签）
2025-07-11 02:43:58 - MovieRecommender - INFO - info:170 - 开始创建TF-IDF标签特征，目标维度: 100
2025-07-11 02:43:58 - MovieRecommender - INFO - info:170 - 聚合用户-电影标签文档...
2025-07-11 02:43:58 - MovieRecommender - INFO - info:170 - 聚合后标签记录数: 1775，原始标签数: 3683
2025-07-11 02:43:58 - MovieRecommender - INFO - info:170 - 合并标签与评分数据...
2025-07-11 02:43:58 - MovieRecommender - INFO - info:170 - 标签覆盖率: 1.6% (1635/100836)
2025-07-11 02:43:58 - MovieRecommender - INFO - info:170 - 初始化TF-IDF向量化器...
2025-07-11 02:43:58 - MovieRecommender - INFO - info:170 - 生成TF-IDF特征矩阵...
2025-07-11 02:43:58 - MovieRecommender - INFO - info:170 - TF-IDF矩阵形状: (100836, 100)
2025-07-11 02:43:58 - MovieRecommender - INFO - info:170 - 词汇表大小: 100
2025-07-11 02:43:58 - MovieRecommender - INFO - info:170 - 转换为DataFrame格式...
2025-07-11 02:43:58 - MovieRecommender - INFO - info:170 - TF-IDF标签特征创建完成:
2025-07-11 02:43:58 - MovieRecommender - INFO - info:170 -   评分+标签数据: (100836, 15)
2025-07-11 02:43:58 - MovieRecommender - INFO - info:170 -   TF-IDF特征: (100836, 100)
2025-07-11 02:43:58 - MovieRecommender - INFO - info:170 -   平均非零特征数: 0.02
2025-07-11 02:43:58 - MovieRecommender - INFO - info:170 - 3.4 生成用户画像特征
2025-07-11 02:43:58 - MovieRecommender - INFO - info:170 - 开始创建用户画像特征
2025-07-11 02:43:58 - MovieRecommender - INFO - info:170 - 计算用户评分统计特征...
2025-07-11 02:43:58 - MovieRecommender - INFO - info:170 - 用户统计特征: (610, 4)
2025-07-11 02:43:58 - MovieRecommender - INFO - info:170 - 平均评分范围: 1.27 - 5.00
2025-07-11 02:43:58 - MovieRecommender - INFO - info:170 - 平均评分数量: 165.3
2025-07-11 02:43:58 - MovieRecommender - INFO - info:170 - 计算用户类型偏好特征...
2025-07-11 02:43:58 - MovieRecommender - INFO - info:170 - 用户类型偏好特征: (610, 952)
2025-07-11 02:43:58 - MovieRecommender - INFO - info:170 - 识别类型数量: 951
2025-07-11 02:43:58 - MovieRecommender - INFO - info:170 - 用户画像特征创建完成:
2025-07-11 02:43:58 - MovieRecommender - INFO - info:170 -   统计特征: (610, 3)
2025-07-11 02:43:58 - MovieRecommender - INFO - info:170 -   类型偏好特征: (610, 952)
2025-07-11 02:43:58 - MovieRecommender - INFO - info:170 - 3.5 生成电影画像特征
2025-07-11 02:43:58 - MovieRecommender - INFO - info:170 - 开始创建电影画像特征
2025-07-11 02:43:58 - MovieRecommender - INFO - info:170 - 计算电影评分统计特征...
2025-07-11 02:43:58 - MovieRecommender - INFO - info:170 - 电影画像特征创建完成: (9724, 4)
2025-07-11 02:43:58 - MovieRecommender - INFO - info:170 - 电影平均评分范围: 0.50 - 5.00
2025-07-11 02:43:58 - MovieRecommender - INFO - info:170 - 电影评分数量范围: 1 - 329
2025-07-11 02:43:58 - MovieRecommender - INFO - info:170 - 平均每部电影评分数: 10.4
2025-07-11 02:43:58 - MovieRecommender - INFO - info:170 - 3.6 合并所有特征并生成交叉特征
2025-07-11 02:43:58 - MovieRecommender - INFO - info:170 - 开始合并所有特征
2025-07-11 02:43:58 - MovieRecommender - INFO - info:170 - 以评分+标签数据为基础...
2025-07-11 02:43:58 - MovieRecommender - INFO - info:170 - 基础数据形状: (100836, 15)
2025-07-11 02:43:58 - MovieRecommender - INFO - info:170 - 合并电影内容特征...
2025-07-11 02:43:58 - MovieRecommender - INFO - info:170 - 合并后形状: (100836, 36)
2025-07-11 02:43:58 - MovieRecommender - INFO - info:170 - 合并用户隐因子特征...
2025-07-11 02:43:58 - MovieRecommender - INFO - info:170 - 合并后形状: (100836, 56)
2025-07-11 02:43:58 - MovieRecommender - INFO - info:170 - 合并电影隐因子特征...
2025-07-11 02:43:58 - MovieRecommender - INFO - info:170 - 合并后形状: (100836, 76)
2025-07-11 02:43:58 - MovieRecommender - INFO - info:170 - 合并用户偏置特征...
2025-07-11 02:43:58 - MovieRecommender - INFO - info:170 - 合并后形状: (100836, 77)
2025-07-11 02:43:58 - MovieRecommender - INFO - info:170 - 合并电影偏置特征...
2025-07-11 02:43:58 - MovieRecommender - INFO - info:170 - 合并后形状: (100836, 78)
2025-07-11 02:43:58 - MovieRecommender - INFO - info:170 - 合并用户统计特征...
2025-07-11 02:43:58 - MovieRecommender - INFO - info:170 - 合并后形状: (100836, 80)
2025-07-11 02:43:58 - MovieRecommender - INFO - info:170 - 合并用户类型偏好特征...
2025-07-11 02:43:58 - MovieRecommender - INFO - info:170 - 合并后形状: (100836, 1031)
2025-07-11 02:43:58 - MovieRecommender - INFO - info:170 - 合并电影统计特征...
2025-07-11 02:43:59 - MovieRecommender - INFO - info:170 - 合并后形状: (100836, 1034)
2025-07-11 02:43:59 - MovieRecommender - INFO - info:170 - 合并TF-IDF标签特征...
2025-07-11 02:43:59 - MovieRecommender - INFO - info:170 - 合并后形状: (100836, 1134)
2025-07-11 02:43:59 - MovieRecommender - INFO - info:170 - 生成20个用户-物品交叉特征...
2025-07-11 02:43:59 - MovieRecommender - INFO - info:170 - 交叉特征生成完成: ['cross_f0', 'cross_f1', 'cross_f2', 'cross_f3', 'cross_f4', 'cross_f5', 'cross_f6', 'cross_f7', 'cross_f8', 'cross_f9', 'cross_f10', 'cross_f11', 'cross_f12', 'cross_f13', 'cross_f14', 'cross_f15', 'cross_f16', 'cross_f17', 'cross_f18', 'cross_f19']
2025-07-11 02:43:59 - MovieRecommender - INFO - info:170 - 特征合并完成:
2025-07-11 02:43:59 - MovieRecommender - INFO - info:170 -   最终数据形状: (100836, 1154)
2025-07-11 02:43:59 - MovieRecommender - INFO - info:170 -   新增特征数: 1139
2025-07-11 02:43:59 - MovieRecommender - INFO - info:170 -   总特征数: 1154
2025-07-11 02:43:59 - MovieRecommender - INFO - info:170 -   数据完整性: 100.0%
2025-07-11 02:43:59 - MovieRecommender - INFO - info:170 - 数据准备和划分
2025-07-11 02:43:59 - MovieRecommender - INFO - info:170 - 标签分布: {0: 1370, 1: 2811, 2: 1791, 3: 7551, 4: 5550, 5: 20047, 6: 13136, 7: 26818, 8: 8551, 9: 13211}
2025-07-11 02:43:59 - MovieRecommender - INFO - info:170 - 可用特征数量: 1141
2025-07-11 02:43:59 - MovieRecommender - INFO - info:170 - 特征类型分布:
2025-07-11 02:43:59 - MovieRecommender - INFO - info:170 -   - 电影类型特征: 20
2025-07-11 02:43:59 - MovieRecommender - INFO - info:170 -   - 用户偏好特征: 951
2025-07-11 02:43:59 - MovieRecommender - INFO - info:170 -   - 协同过滤特征: 60
2025-07-11 02:43:59 - MovieRecommender - INFO - info:170 -   - 标签特征: 100
2025-07-11 02:43:59 - MovieRecommender - INFO - info:170 - 使用Leave-5-out策略划分训练集和验证集
2025-07-11 02:43:59 - MovieRecommender - INFO - info:170 - 用户统计:
2025-07-11 02:43:59 - MovieRecommender - INFO - info:170 -   - 有验证集的用户: 610
2025-07-11 02:43:59 - MovieRecommender - INFO - info:170 -   - 无验证集的用户: 0
2025-07-11 02:43:59 - MovieRecommender - INFO - info:170 -   - 总用户数: 610
2025-07-11 02:44:00 - MovieRecommender - INFO - info:170 - 数据集大小:
2025-07-11 02:44:00 - MovieRecommender - INFO - info:170 -   - 训练集: 97,786 (97.0%)
2025-07-11 02:44:00 - MovieRecommender - INFO - info:170 -   - 验证集: 3,050 (3.0%)
2025-07-11 02:44:00 - MovieRecommender - INFO - info:170 - 模型训练
2025-07-11 02:44:00 - MovieRecommender - INFO - info:170 - 开始训练CORAL风格的LightGBM序数分类器
2025-07-11 02:44:00 - MovieRecommender - INFO - info:170 - 将训练9个二分类器
2025-07-11 02:44:00 - MovieRecommender - INFO - info:170 - 类别特征索引: [1, 2, 3]
2025-07-11 02:49:06 - MovieRecommender - INFO - info:170 - 训练完成，共训练9个二分类器
2025-07-11 02:49:06 - MovieRecommender - INFO - info:170 - 模型评估
2025-07-11 02:49:06 - MovieRecommender - INFO - info:170 - 进行模型预测
2025-07-11 02:49:07 - MovieRecommender - INFO - info:170 - 计算评估指标
2025-07-11 02:49:07 - MovieRecommender - INFO - info:170 - 验证集RMSE: 0.8166
2025-07-11 02:49:07 - MovieRecommender - INFO - info:170 - 训练集大小: 97786
2025-07-11 02:49:07 - MovieRecommender - INFO - info:170 - 验证集大小: 3050
2025-07-11 02:49:07 - MovieRecommender - INFO - info:170 - 特征数量: 1141
2025-07-11 02:49:07 - MovieRecommender - INFO - info:170 - 有验证集的用户数: 610
2025-07-11 02:49:07 - MovieRecommender - INFO - info:170 - 无验证集的用户数: 0
2025-07-11 02:49:07 - MovieRecommender - INFO - info:170 - 保存预测结果
2025-07-11 02:49:07 - MovieRecommender - INFO - info:170 - 预测结果已保存至: output/predictions.csv
2025-07-11 02:49:07 - MovieRecommender - INFO - info:170 - 预测结果统计:
2025-07-11 02:49:07 - MovieRecommender - INFO - info:170 -   - 平均绝对误差: 0.5454
2025-07-11 02:49:07 - MovieRecommender - INFO - info:170 -   - 误差标准差: 0.8155
2025-07-11 02:49:07 - MovieRecommender - INFO - info:170 -   - 完全正确预测比例: 40.39%
2025-07-11 02:49:07 - MovieRecommender - INFO - info:170 -   - 误差≤0.5的比例: 67.38%
2025-07-11 02:49:07 - MovieRecommender - INFO - info:170 - 可视化分析
2025-07-11 02:49:07 - MovieRecommender - INFO - info:170 - 设置中文字体配置
2025-07-11 02:49:07 - MovieRecommender - INFO - info:170 - 成功设置中文字体: PingFang HK
2025-07-11 02:49:07 - MovieRecommender - WARNING - warning:174 - 项目字体加载失败: Can not load face (unknown file format; error code 0x2)
2025-07-11 02:49:07 - MovieRecommender - INFO - info:170 - 生成基本预测效果图表
2025-07-11 02:49:07 - MovieRecommender - INFO - info:170 - Boxplot saved to: output/boxplot_true_vs_pred.png
2025-07-11 02:49:07 - MovieRecommender - INFO - info:170 - Analyzed 3050 prediction samples, covering 10 rating levels.
2025-07-11 02:49:08 - MovieRecommender - INFO - info:170 - Predicted rating histogram saved to: output/predicted_rating_hist.png
2025-07-11 02:49:08 - MovieRecommender - INFO - info:170 - Analyzed 3050 predicted ratings, range: [0.50, 5.00]
2025-07-11 02:49:08 - MovieRecommender - INFO - info:170 - 基本预测效果图表生成完成
2025-07-11 02:49:08 - MovieRecommender - INFO - info:170 - 生成误差分析图表
2025-07-11 02:49:08 - MovieRecommender - INFO - info:170 - Detected 51 outliers (1.7%)
2025-07-11 02:49:08 - MovieRecommender - INFO - info:170 - Error distribution plot saved to: output/prediction_error_hist.png
2025-07-11 02:49:08 - MovieRecommender - INFO - info:170 - Error statistics: Mean=0.0448, Std=0.8155, RMSE=0.8166
2025-07-11 02:49:08 - MovieRecommender - INFO - info:170 - Mean error bar plot saved to: output/mean_error_per_rating.png
2025-07-11 02:49:08 - MovieRecommender - INFO - info:170 - 整体偏差: 0.5657
2025-07-11 02:49:08 - MovieRecommender - INFO - info:170 - 最大偏差评分等级: 0.5 (偏差: 1.9884)
2025-07-11 02:49:09 - MovieRecommender - INFO - info:170 - RMSE bar plot saved to: output/rmse_per_rating_level.png
2025-07-11 02:49:09 - MovieRecommender - INFO - info:170 - Overall RMSE: 0.8166, Overall MAE: 0.5454
2025-07-11 02:49:09 - MovieRecommender - INFO - info:170 - 混淆矩阵热力图已保存到: output/confusion_heatmap.png
2025-07-11 02:49:09 - MovieRecommender - INFO - info:170 - 总体准确率: 0.404, 分析了 3050 个样本
2025-07-11 02:49:10 - MovieRecommender - INFO - info:170 - 用户误差分布图已保存到: output/user_error_distribution.png
2025-07-11 02:49:10 - MovieRecommender - INFO - info:170 - 分析了 610 个用户的误差分布
2025-07-11 02:49:10 - MovieRecommender - INFO - info:170 - 误差分析图表生成完成
2025-07-11 02:49:10 - MovieRecommender - INFO - info:170 - 生成特征分析图表
2025-07-11 02:49:10 - MovieRecommender - INFO - info:170 - Feature importance plot saved to: output/top20_feature_importance.png
2025-07-11 02:49:10 - MovieRecommender - INFO - info:170 - Displayed 20 important features, based on 9 models.
2025-07-11 02:49:10 - MovieRecommender - INFO - info:170 - 特征相关性图已保存到: output/feature_correlation.png
2025-07-11 02:49:10 - MovieRecommender - INFO - info:170 - 显示了 17 个特征的相关性，使用 pearson 方法
2025-07-11 02:49:14 - MovieRecommender - INFO - info:170 - 特征分布图已保存到: output/feature_distributions.png
2025-07-11 02:49:14 - MovieRecommender - INFO - info:170 - 显示了 12 个特征的分布，使用 hist 图表类型
2025-07-11 02:49:14 - MovieRecommender - INFO - info:170 - 使用20个特征进行相关性分析
2025-07-11 02:49:14 - MovieRecommender - INFO - info:170 - 使用12个特征进行分布分析
2025-07-11 02:49:14 - MovieRecommender - INFO - info:170 - 特征分析图表生成完成
2025-07-11 02:49:14 - MovieRecommender - INFO - info:170 - 生成误差关系分析图表
2025-07-11 02:49:14 - MovieRecommender - INFO - info:170 - 分析误差与电影热度的关系
2025-07-11 02:49:15 - MovieRecommender - INFO - info:170 - 误差与热度关系图已保存到: output/error_vs_popularity_line.png
2025-07-11 02:49:15 - MovieRecommender - INFO - info:170 - 相关系数: 0.0580, 分析了 3050 个样本
2025-07-11 02:49:15 - MovieRecommender - INFO - info:170 - 误差关系分析图表生成完成
2025-07-11 02:49:15 - MovieRecommender - INFO - info:170 - 所有可视化图表已生成完成
2025-07-11 02:49:15 - MovieRecommender - INFO - info:170 - 实验总结
2025-07-11 02:49:15 - MovieRecommender - INFO - info:170 - 总执行时间: 317.23秒 (5.3分钟)
2025-07-11 02:49:15 - MovieRecommender - INFO - info:170 - 实验完成！
2025-07-11 02:49:15 - MovieRecommender - INFO - info:170 - 最终RMSE: 0.8166
2025-07-11 02:49:15 - MovieRecommender - INFO - info:170 - 执行时间: 317.23秒
2025-07-11 02:49:15 - MovieRecommender - INFO - info:170 - 使用特征数: 1141
2025-07-11 02:49:15 - MovieRecommender - INFO - info:170 - 训练样本数: 97,786
2025-07-11 02:49:15 - MovieRecommender - INFO - info:170 - 验证样本数: 3,050
2025-07-11 02:49:15 - MovieRecommender - INFO - info:170 - 结果保存目录: output
2025-07-11 02:49:15 - MovieRecommender - INFO - info:170 - 实验总结完成
